<?xml version="1.0" encoding="UTF-8"?>
<!-- Generated by org.testng.reporters.JUnitReportReporter -->
<testsuite skipped="0" hostname="Trigen-PC" name="TestCases.LoginPageTest" tests="1" failures="0" timestamp="22 Aug 2019 06:00:53 GMT" time="8.664" errors="0">
  <testcase name="VerifyLogin" time="8.664" classname="TestCases.LoginPageTest"/>
</testsuite> <!-- TestCases.LoginPageTest -->
