<?xml version="1.0" encoding="UTF-8"?>
<!-- Generated by org.testng.reporters.JUnitReportReporter -->
<testsuite skipped="0" hostname="Trigen-PC" name="TestCases.RFQ_test" tests="1" failures="0" timestamp="22 Aug 2019 10:59:09 GMT" time="16.071" errors="0">
  <testcase name="demo" time="16.071" classname="TestCases.RFQ_test"/>
</testsuite> <!-- TestCases.RFQ_test -->
